make all --print-data-base --no-builtin-variables --no-builtin-rules --question
# GNU Make 3.81
# Copyright (C) 2006  Free Software Foundation, Inc.
# This is free software; see the source for copying conditions.
# There is NO warranty; not even for MERCHANTABILITY or FITNESS FOR A
# PARTICULAR PURPOSE.

# This program built for i386-apple-darwin11.3.0
 

# Make data base, printed on Fri Aug 12 20:19:58 2022

# Variables

# automatic
<D = $(patsubst %/,%,$(dir $<))
# automatic
?F = $(notdir $?)
# automatic
?D = $(patsubst %/,%,$(dir $?))
# automatic
@D = $(patsubst %/,%,$(dir $@))
# automatic
@F = $(notdir $@)
# makefile
CURDIR := /Users/tel-bouh/Desktop/cub3d_v12
# makefile
SHELL = /bin/sh
# environment
VSCODE_NLS_CONFIG = {"locale":"en-us","availableLanguages":{},"_languagePackSupport":true}
# environment
_ = /usr/bin/make
# makefile (from `Makefile', line 1)
 
MAKEFILE_LIST :=  Makefile
# makefile (from `Makefile', line 32)
OBJS = $(SRCS:.c=.o)
# environment
VSCODE_CWD = /
# environment
Apple_PubSub_Socket_Render = /private/tmp/com.apple.launchd.7MbvR3bjG4/Render
# environment
PATH = /usr/local/bin:/usr/bin:/bin:/usr/sbin:/sbin:/usr/local/munki:/Library/Frameworks/Mono.framework/Versions/Current/Commands
# environment
LSCOLORS = Gxfxcxdxbxegedabagacad
# environment
ELECTRON_RUN_AS_NODE = 1
# default
.FEATURES := target-specific order-only second-expansion else-if archives jobserver check-symlink
# environment
SSH_AUTH_SOCK = /private/tmp/com.apple.launchd.NO2kQXRBaK/Listeners
# automatic
%F = $(notdir $%)
# environment
PWD = /Users/tel-bouh/Desktop/cub3d_v12
# environment
ORIGINAL_XDG_CURRENT_DESKTOP = undefined
# environment
VSCODE_AMD_ENTRYPOINT = vs/workbench/api/node/extensionHostProcess
# environment
HOME = /Users/tel-bouh
# default
MAKEFILEPATH := /Applications/Xcode.app/Contents/Developer/Makefiles
# environment
VSCODE_CODE_CACHE_PATH = /Users/tel-bouh/Library/Application Support/Code/CachedData/b06ae3b2d2dbfe28bca3134cc6be65935cdfea6a
# environment
LOGNAME = tel-bouh
# environment
APPLICATION_INSIGHTS_NO_DIAGNOSTIC_CHANNEL = 1
# environment
ZSH = /Users/tel-bouh/.oh-my-zsh
# environment
VSCODE_HANDLES_UNCAUGHT_ERRORS = true
# automatic
^D = $(patsubst %/,%,$(dir $^))
# environment
XPC_FLAGS = 0x0
# default
MAKE = $(MAKE_COMMAND)
# default
MAKECMDGOALS := all
# makefile (from `Makefile', line 15)
SRCS = ./cub3d.c ./parse_map/ft_parse_map.c ./parse_map/ft_check_elems.c ./parse_map/ft_check_elems_util.c ./parse_map/ft_check_map.c ./parse_map/ft_check_map_again.c ./parse_map/ft_check_map_again_util.c ./parse_map/ft_check_map_util.c ./parse_map/ft_split.c ./parse_map/ft_strdup.c ./parse_map/ft_strcmp.c ./parse_map/ft_strlen_tab.c ./parse_map/ft_free.c ./parse_map/ft_atoi.c ./parse_map/ft_split_quote.c ./parse_map/ft_parse_map_utils.c ./get_next_line/get_next_line.c ./get_next_line/get_next_line_utils.c ./init/ft_initialize_struct.c ./init/ft_initialize_struct_util.c ./init/ft_strncmp.c ./init/ft_check_digit.c ./convert_2d_to_3d/ft_display.c ./convert_2d_to_3d/ft_event_handler.c ./convert_2d_to_3d/ft_mini_map.c ./convert_2d_to_3d/ft_micro_map.c ./move_player/ft_isnt_a_wall.c ./move_player/ft_there_is_a_wall.c ./move_player/ft_new_position_calc.c ./move_player/ft_straight_move.c  ./move_player/ft_move_player.c ./move_player/ft_simple_position_calc.c ./move_player/ft_corner.c ./move_player/ft_new_position_calc_sides.c ./move_player/ft_there_is_a_wall_sides.c ./move_player/ft_isnt_a_wall_sides.c ./move_player/ft_simple_position_calc_sides.c ./move_player/ft_there_is_a_wall_in_my_way.c ./ray_casting/ft_ray_casting.c ./ray_casting/ft_triangle_calculation.c ./ray_casting/ft_get_color.c 
# environment
SHLVL = 1
# makefile (from `Makefile', line 40)
CC = cc
# default
MAKE_VERSION := 3.81
# environment
USER = tel-bouh
# makefile
.DEFAULT_GOAL := all
# makefile (from `Makefile', line 38)
MLX_HEADER = /usr/local/include
# makefile (from `Makefile', line 13)
NAME = cub3d
# environment
LESS = -R
# automatic
%D = $(patsubst %/,%,$(dir $%))
# default
MAKE_COMMAND := /Applications/Xcode.app/Contents/Developer/usr/bin/make
# default
.VARIABLES := 
# environment
TMPDIR = /var/folders/zz/zyxvpxvq6csfxvn_n0000ht800046k/T/
# automatic
*F = $(notdir $*)
# environment
VSCODE_IPC_HOOK = /Users/tel-bouh/Library/Application Support/Code/1.69.1-main.sock
# environment
MallocNanoZone = 0
# makefile
MAKEFLAGS = Rrqp
# environment
MFLAGS = -Rrqp
# automatic
*D = $(patsubst %/,%,$(dir $*))
# environment
XPC_SERVICE_NAME = com.apple.xpc.launchd.oneshot.0x10000001.Electron
# automatic
+D = $(patsubst %/,%,$(dir $+))
# automatic
+F = $(notdir $+)
# environment
__CF_USER_TEXT_ENCODING = 0x10D2:0x0:0x0
# environment
COMMAND_MODE = unix2003
# default
MAKEFILES := 
# automatic
<F = $(notdir $<)
# makefile (from `Makefile', line 36)
MLX_FLAGS = -L /usr/local/lib/ -lmlx -framework OpenGL  -framework AppKit
# environment
PAGER = less
# environment
LC_ALL = C
# environment
SECURITYSESSIONID = 186a8
# automatic
^F = $(notdir $^)
# default
SUFFIXES := 
# makefile (from `Makefile', line 34)
FLAGS = -Wall -Wextra -Werror
# default
.INCLUDE_DIRS = /usr/local/include
# environment
MAKELEVEL := 0
# environment
LANG = C
# environment
VSCODE_PID = 6040
# variable set hash-table stats:
# Load=70/1024=7%, Rehash=0, Collisions=3/98=3%

# Pattern-specific Variable Values

# No pattern-specific variable values.

# Directories

# . (device 16777227, inode 619130): 16 files, no impossibilities.

# 16 files, no impossibilities in 1 directories.

# Implicit Rules

# No implicit rules.

# Files

# Not a target:
parse_map/ft_strcmp.o:
#  Implicit rule search has been done.
#  Last modified 2022-08-12 19:17:45
#  File has been updated.
#  Successfully updated.
# variable set hash-table stats:
# Load=0/32=0%, Rehash=0, Collisions=0/0=0%

# Not a target:
parse_map/ft_strdup.o:
#  Implicit rule search has been done.
#  Last modified 2022-08-12 19:17:44
#  File has been updated.
#  Successfully updated.
# variable set hash-table stats:
# Load=0/32=0%, Rehash=0, Collisions=0/0=0%

# Not a target:
parse_map/ft_free.o:
#  Implicit rule search has been done.
#  Last modified 2022-08-12 19:17:45
#  File has been updated.
#  Successfully updated.
# variable set hash-table stats:
# Load=0/32=0%, Rehash=0, Collisions=0/0=0%

all: cub3d
#  Command-line target.
#  Implicit rule search has not been done.
#  Last modified 1969-12-31 23:59:56
#  File has been updated.
#  Successfully updated.
# variable set hash-table stats:
# Load=0/32=0%, Rehash=0, Collisions=0/0=0%
#  commands to execute (from `Makefile', line 43):
	

# Not a target:
parse_map/ft_parse_map_utils.o:
#  Implicit rule search has been done.
#  Last modified 2022-08-12 19:17:45
#  File has been updated.
#  Successfully updated.
# variable set hash-table stats:
# Load=0/32=0%, Rehash=0, Collisions=0/0=0%

# Not a target:
move_player/ft_there_is_a_wall_in_my_way.o:
#  Implicit rule search has been done.
#  Last modified 2022-08-12 19:17:46
#  File has been updated.
#  Successfully updated.
# variable set hash-table stats:
# Load=0/32=0%, Rehash=0, Collisions=0/0=0%

# Not a target:
move_player/ft_new_position_calc.o:
#  Implicit rule search has been done.
#  Last modified 2022-08-12 19:17:45
#  File has been updated.
#  Successfully updated.
# variable set hash-table stats:
# Load=0/32=0%, Rehash=0, Collisions=0/0=0%

cub3d: cub3d.o parse_map/ft_parse_map.o parse_map/ft_check_elems.o parse_map/ft_check_elems_util.o parse_map/ft_check_map.o parse_map/ft_check_map_again.o parse_map/ft_check_map_again_util.o parse_map/ft_check_map_util.o parse_map/ft_split.o parse_map/ft_strdup.o parse_map/ft_strcmp.o parse_map/ft_strlen_tab.o parse_map/ft_free.o parse_map/ft_atoi.o parse_map/ft_split_quote.o parse_map/ft_parse_map_utils.o get_next_line/get_next_line.o get_next_line/get_next_line_utils.o init/ft_initialize_struct.o init/ft_initialize_struct_util.o init/ft_strncmp.o init/ft_check_digit.o convert_2d_to_3d/ft_display.o convert_2d_to_3d/ft_event_handler.o convert_2d_to_3d/ft_mini_map.o convert_2d_to_3d/ft_micro_map.o move_player/ft_isnt_a_wall.o move_player/ft_there_is_a_wall.o move_player/ft_new_position_calc.o move_player/ft_straight_move.o move_player/ft_move_player.o move_player/ft_simple_position_calc.o move_player/ft_corner.o move_player/ft_new_position_calc_sides.o move_player/ft_there_is_a_wall_sides.o move_player/ft_isnt_a_wall_sides.o move_player/ft_simple_position_calc_sides.o move_player/ft_there_is_a_wall_in_my_way.o ray_casting/ft_ray_casting.o ray_casting/ft_triangle_calculation.o ray_casting/ft_get_color.o
#  Implicit rule search has not been done.
#  Last modified 2022-08-12 19:17:48
#  File has been updated.
#  Successfully updated.
# variable set hash-table stats:
# Load=0/32=0%, Rehash=0, Collisions=0/0=0%
#  commands to execute (from `Makefile', line 45):
	$(CC) $(FLAGS) -I $(MLX_HEADER) $(MLX_FLAGS) $(SRCS) -o $(NAME)
	

# Not a target:
get_next_line/get_next_line_utils.o:
#  Implicit rule search has been done.
#  Last modified 2022-08-12 19:17:45
#  File has been updated.
 
#  Successfully updated.
# variable set hash-table stats:
# Load=0/32=0%, Rehash=0, Collisions=0/0=0%

# Not a target:
cub3d.o:
#  Implicit rule search has been done.
#  Last modified 2022-08-12 19:17:44
#  File has been updated.
#  Successfully updated.
# variable set hash-table stats:
# Load=0/32=0%, Rehash=0, Collisions=0/0=0%

# Not a target:
parse_map/ft_atoi.o:
#  Implicit rule search has been done.
#  Last modified 2022-08-12 19:17:45
#  File has been updated.
#  Successfully updated.
# variable set hash-table stats:
# Load=0/32=0%, Rehash=0, Collisions=0/0=0%

# Not a target:
init/ft_strncmp.o:
#  Implicit rule search has been done.
#  Last modified 2022-08-12 19:17:45
#  File has been updated.
#  Successfully updated.
# variable set hash-table stats:
# Load=0/32=0%, Rehash=0, Collisions=0/0=0%

# Not a target:
init/ft_initialize_struct_util.o:
#  Implicit rule search has been done.
#  Last modified 2022-08-12 19:17:45
#  File has been updated.
#  Successfully updated.
# variable set hash-table stats:
# Load=0/32=0%, Rehash=0, Collisions=0/0=0%

# Not a target:
move_player/ft_corner.o:
#  Implicit rule search has been done.
#  Last modified 2022-08-12 19:17:46
#  File has been updated.
#  Successfully updated.
# variable set hash-table stats:
# Load=0/32=0%, Rehash=0, Collisions=0/0=0%

# Not a target:
.SUFFIXES:
#  Implicit rule search has not been done.
#  Modification time never checked.
#  File has not been updated.

# Not a target:
Makefile:
#  Implicit rule search has been done.
#  Last modified 2022-08-12 19:11:05
#  File has been updated.
#  Successfully updated.
# variable set hash-table stats:
# Load=0/32=0%, Rehash=0, Collisions=0/0=0%

# Not a target:
move_player/ft_there_is_a_wall_sides.o:
#  Implicit rule search has been done.
#  Last modified 2022-08-12 19:17:46
#  File has been updated.
#  Successfully updated.
# variable set hash-table stats:
# Load=0/32=0%, Rehash=0, Collisions=0/0=0%

# Not a target:
convert_2d_to_3d/ft_mini_map.o:
#  Implicit rule search has been done.
#  Last modified 2022-08-12 19:17:45
#  File has been updated.
#  Successfully updated.
# variable set hash-table stats:
# Load=0/32=0%, Rehash=0, Collisions=0/0=0%

# Not a target:
move_player/ft_isnt_a_wall_sides.o:
#  Implicit rule search has been done.
#  Last modified 2022-08-12 19:17:46
#  File has been updated.
#  Successfully updated.
# variable set hash-table stats:
# Load=0/32=0%, Rehash=0, Collisions=0/0=0%

# Not a target:
ray_casting/ft_get_color.o:
#  Implicit rule search has been done.
#  Last modified 2022-08-12 19:17:46
#  File has been updated.
#  Successfully updated.
# variable set hash-table stats:
# Load=0/32=0%, Rehash=0, Collisions=0/0=0%

# Not a target:
init/ft_initialize_struct.o:
#  Implicit rule search has been done.
#  Last modified 2022-08-12 19:17:45
#  File has been updated.
#  Successfully updated.
# variable set hash-table stats:
# Load=0/32=0%, Rehash=0, Collisions=0/0=0%

# Not a target:
ray_casting/ft_triangle_calculation.o:
#  Implicit rule search has been done.
#  Last modified 2022-08-12 19:17:46
#  File has been updated.
#  Successfully updated.
# variable set hash-table stats:
# Load=0/32=0%, Rehash=0, Collisions=0/0=0%

fclean: clean
#  Implicit rule search has not been done.
#  Modification time never checked.
#  File has not been updated.
#  commands to execute (from `Makefile', line 51):
	rm -rf $(NAME)
	

# Not a target:
parse_map/ft_strlen_tab.o:
#  Implicit rule search has been done.
#  Last modified 2022-08-12 19:17:45
#  File has been updated.
#  Successfully updated.
# variable set hash-table stats:
# Load=0/32=0%, Rehash=0, Collisions=0/0=0%

# Not a target:
parse_map/ft_parse_map.o:
#  Implicit rule search has been done.
#  Last modified 2022-08-12 19:17:44
#  File has been updated.
#  Successfully updated.
# variable set hash-table stats:
# Load=0/32=0%, Rehash=0, Collisions=0/0=0%

# Not a target:
parse_map/ft_split.o:
#  Implicit rule search has been done.
#  Last modified 2022-08-12 19:17:44
#  File has been updated.
#  Successfully updated.
# variable set hash-table stats:
# Load=0/32=0%, Rehash=0, Collisions=0/0=0%

# Not a target:
move_player/ft_there_is_a_wall.o:
#  Implicit rule search has been done.
#  Last modified 2022-08-12 19:17:45
#  File has been updated.
#  Successfully updated.
# variable set hash-table stats:
# Load=0/32=0%, Rehash=0, Collisions=0/0=0%

# Not a target:
parse_map/ft_check_elems_util.o:
#  Implicit rule search has been done.
#  Last modified 2022-08-12 19:17:44
#  File has been updated.
#  Successfully updated.
# variable set hash-table stats:
# Load=0/32=0%, Rehash=0, Collisions=0/0=0%

# Not a target:
init/ft_check_digit.o:
#  Implicit rule search has been done.
#  Last modified 2022-08-12 19:17:45
#  File has been updated.
#  Successfully updated.
# variable set hash-table stats:
# Load=0/32=0%, Rehash=0, Collisions=0/0=0%

# Not a target:
convert_2d_to_3d/ft_micro_map.o:
#  Implicit rule search has been done.
#  Last modified 2022-08-12 19:17:45
#  File has been updated.
#  Successfully updated.
# variable set hash-table stats:
# Load=0/32=0%, Rehash=0, Collisions=0/0=0%

# Not a target:
move_player/ft_isnt_a_wall.o:
#  Implicit rule search has been done.
#  Last modified 2022-08-12 19:17:45
#  File has been updated.
#  Successfully updated.
# variable set hash-table stats:
# Load=0/32=0%, Rehash=0, Collisions=0/0=0%

# Not a target:
get_next_line/get_next_line.o:
#  Implicit rule search has been done.
#  Last modified 2022-08-12 19:17:45
#  File has been updated.
#  Successfully updated.
# variable set hash-table stats:
# Load=0/32=0%, Rehash=0, Collisions=0/0=0%

# Not a target:
.DEFAULT:
#  Implicit rule search has not been done.
#  Modification time never checked.
#  File has not been updated.

# Not a target:
parse_map/ft_split_quote.o:
#  Implicit rule search has been done.
#  Last modified 2022-08-12 19:17:45
#  File has been updated.
#  Successfully updated.
# variable set hash-table stats:
# Load=0/32=0%, Rehash=0, Collisions=0/0=0%

# Not a target:
move_player/ft_simple_position_calc_sides.o:
#  Implicit rule search has been done.
#  Last modified 2022-08-12 19:17:46
#  File has been updated.
#  Successfully updated.
# variable set hash-table stats:
# Load=0/32=0%, Rehash=0, Collisions=0/0=0%

re: fclean all
#  Implicit rule search has not been done.
#  Modification time never checked.
#  File has not been updated.

# Not a target:
parse_map/ft_check_map_util.o:
#  Implicit rule search has been done.
#  Last modified 2022-08-12 19:17:44
#  File has been updated.
#  Successfully updated.
# variable set hash-table stats:
# Load=0/32=0%, Rehash=0, Collisions=0/0=0%

# Not a target:
parse_map/ft_check_map_again_util.o:
#  Implicit rule search has been done.
#  Last modified 2022-08-12 19:17:44
#  File has been updated.
#  Successfully updated.
# variable set hash-table stats:
# Load=0/32=0%, Rehash=0, Collisions=0/0=0%

clean:
#  Implicit rule search has not been done.
#  Modification time never checked.
#  File has not been updated.
#  commands to execute (from `Makefile', line 48):
	rm -rf $(OBJS)
	

# Not a target:
convert_2d_to_3d/ft_display.o:
#  Implicit rule search has been done.
#  Last modified 2022-08-12 19:17:45
#  File has been updated.
#  Successfully updated.
# variable set hash-table stats:
# Load=0/32=0%, Rehash=0, Collisions=0/0=0%

# Not a target:
convert_2d_to_3d/ft_event_handler.o:
#  Implicit rule search has been done.
#  Last modified 2022-08-12 19:17:45
#  File has been updated.
#  Successfully updated.
# variable set hash-table stats:
# Load=0/32=0%, Rehash=0, Collisions=0/0=0%

# Not a target:
parse_map/ft_check_elems.o:
#  Implicit rule search has been done.
#  Last modified 2022-08-12 19:17:44
#  File has been updated.
#  Successfully updated.
# variable set hash-table stats:
# Load=0/32=0%, Rehash=0, Collisions=0/0=0%

# Not a target:
move_player/ft_straight_move.o:
#  Implicit rule search has been done.
#  Last modified 2022-08-12 19:17:46
#  File has been updated.
#  Successfully updated.
# variable set hash-table stats:
# Load=0/32=0%, Rehash=0, Collisions=0/0=0%

# Not a target:
 
move_player/ft_simple_position_calc.o:
#  Implicit rule search has been done.
#  Last modified 2022-08-12 19:17:46
#  File has been updated.
#  Successfully updated.
# variable set hash-table stats:
# Load=0/32=0%, Rehash=0, Collisions=0/0=0%

# Not a target:
move_player/ft_move_player.o:
#  Implicit rule search has been done.
#  Last modified 2022-08-12 19:17:46
#  File has been updated.
#  Successfully updated.
# variable set hash-table stats:
# Load=0/32=0%, Rehash=0, Collisions=0/0=0%

# Not a target:
parse_map/ft_check_map.o:
#  Implicit rule search has been done.
#  Last modified 2022-08-12 19:17:44
#  File has been updated.
#  Successfully updated.
# variable set hash-table stats:
# Load=0/32=0%, Rehash=0, Collisions=0/0=0%

# Not a target:
parse_map/ft_check_map_again.o:
#  Implicit rule search has been done.
#  Last modified 2022-08-12 19:17:44
#  File has been updated.
#  Successfully updated.
# variable set hash-table stats:
# Load=0/32=0%, Rehash=0, Collisions=0/0=0%

# Not a target:
ray_casting/ft_ray_casting.o:
#  Implicit rule search has been done.
#  Last modified 2022-08-12 19:17:46
#  File has been updated.
#  Successfully updated.
# variable set hash-table stats:
# Load=0/32=0%, Rehash=0, Collisions=0/0=0%

# Not a target:
move_player/ft_new_position_calc_sides.o:
#  Implicit rule search has been done.
#  Last modified 2022-08-12 19:17:46
#  File has been updated.
#  Successfully updated.
# variable set hash-table stats:
# Load=0/32=0%, Rehash=0, Collisions=0/0=0%

# files hash-table stats:
# Load=49/1024=5%, Rehash=0, Collisions=2/107=2%
# VPATH Search Paths

# No `vpath' search paths.

# No general (`VPATH' variable) search path.

# # of strings in strcache: 1
# # of strcache buffers: 1
# strcache size: total = 4096 / max = 4096 / min = 4096 / avg = 4096
# strcache free: total = 4087 / max = 4087 / min = 4087 / avg = 4087

# Finished Make data base on Fri Aug 12 20:19:58 2022

 
